2012-05-09 03:27:05 Warning: Warning (512): /home/dev/public_html/Coordino/app/tmp/cache/ is not writable in [/home/dev/public_html/Coordino/cake/libs/cache/file.php, line 267]
2012-05-09 03:27:10 Warning: Warning (512): /home/dev/public_html/Coordino/app/tmp/cache/ is not writable in [/home/dev/public_html/Coordino/cake/libs/cache/file.php, line 267]
2012-05-09 04:33:03 Warning: Warning (2): strlen() expects parameter 1 to be string, array given in [/home/dev/public_html/Coordino/cake/libs/i18n.php, line 184]
2012-05-09 04:33:44 Warning: Warning (2): strlen() expects parameter 1 to be string, array given in [/home/dev/public_html/Coordino/cake/libs/i18n.php, line 184]
2012-05-09 04:33:48 Warning: Warning (2): strlen() expects parameter 1 to be string, array given in [/home/dev/public_html/Coordino/cake/libs/i18n.php, line 184]
2012-05-09 04:34:49 Warning: Warning (2): strlen() expects parameter 1 to be string, array given in [/home/dev/public_html/Coordino/cake/libs/i18n.php, line 184]
2012-05-09 04:36:21 Warning: Warning (2): strlen() expects parameter 1 to be string, array given in [/home/dev/public_html/Coordino/cake/libs/i18n.php, line 184]
2012-05-09 04:37:29 Warning: Warning (2): strlen() expects parameter 1 to be string, array given in [/home/dev/public_html/Coordino/cake/libs/i18n.php, line 184]
2012-05-09 04:38:00 Warning: Warning (2): strlen() expects parameter 1 to be string, array given in [/home/dev/public_html/Coordino/cake/libs/i18n.php, line 184]
2012-05-09 04:40:55 Warning: Warning (2): strlen() expects parameter 1 to be string, array given in [/home/dev/public_html/Coordino/cake/libs/i18n.php, line 184]
2012-05-09 04:46:08 Warning: Warning (2): strlen() expects parameter 1 to be string, array given in [/home/dev/public_html/Coordino/cake/libs/i18n.php, line 184]
2012-05-09 04:46:42 Warning: Warning (2): strlen() expects parameter 1 to be string, array given in [/home/dev/public_html/Coordino/cake/libs/i18n.php, line 184]
2012-05-09 04:52:23 Warning: Warning (2): strlen() expects parameter 1 to be string, array given in [/home/dev/public_html/Coordino/cake/libs/i18n.php, line 184]
2012-05-09 04:52:25 Warning: Warning (2): strlen() expects parameter 1 to be string, array given in [/home/dev/public_html/Coordino/cake/libs/i18n.php, line 184]
2012-05-09 04:52:26 Warning: Warning (2): strlen() expects parameter 1 to be string, array given in [/home/dev/public_html/Coordino/cake/libs/i18n.php, line 184]
2012-05-09 04:59:40 Warning: Warning (2): Invalid argument supplied for foreach() in [/home/dev/public_html/Coordino/app/views/posts/view.ctp, line 103]
2012-05-09 06:03:00 Warning: Warning (2): Invalid argument supplied for foreach() in [/home/dev/public_html/Coordino/app/views/posts/view.ctp, line 105]
2012-05-09 06:03:13 Warning: Warning (2): Invalid argument supplied for foreach() in [/home/dev/public_html/Coordino/app/views/posts/view.ctp, line 105]
2012-05-09 06:04:49 Warning: Warning (2): array_reverse() expects parameter 1 to be array, null given in [/home/dev/public_html/Coordino/app/models/tag.php, line 89]
2012-05-09 06:04:49 Warning: Warning (2): Invalid argument supplied for foreach() in [/home/dev/public_html/Coordino/app/views/tags/find_tag.ctp, line 2]
2012-05-09 06:05:04 Warning: Warning (2): Invalid argument supplied for foreach() in [/home/dev/public_html/Coordino/app/views/posts/view.ctp, line 105]
2012-05-09 06:06:57 Warning: Warning (2): Invalid argument supplied for foreach() in [/home/dev/public_html/Coordino/app/views/posts/view.ctp, line 105]
2012-05-09 06:19:27 Warning: Warning (2): Invalid argument supplied for foreach() in [/home/dev/public_html/Coordino/app/views/posts/view.ctp, line 105]
2012-05-09 06:20:06 Warning: Warning (2): Invalid argument supplied for foreach() in [/home/dev/public_html/Coordino/app/views/posts/view.ctp, line 105]
2013-06-05 10:29:58 Warning: Warning (512): C:\wamp\apps\Coordino\app\tmp\cache\ is not writable in [C:\wamp\apps\Coordino\cake\libs\cache\file.php, line 267]
2013-06-05 10:29:59 Warning: Warning (2): include_once(C:\wamp\apps\Coordino\app\config\database.php) [<a href='http://php.net/function.include-once'>function.include-once</a>]: failed to open stream: No such file or directory in [C:\wamp\apps\Coordino\cake\libs\model\connection_manager.php, line 23]
2013-06-05 10:29:59 Warning: Warning (2): include_once() [<a href='http://php.net/function.include'>function.include</a>]: Failed opening 'C:\wamp\apps\Coordino\app\config\database.php' for inclusion (include_path='C:\wamp\apps\Coordino;C:\wamp\apps\Coordino\app\;.;C:\php\pear') in [C:\wamp\apps\Coordino\cake\libs\model\connection_manager.php, line 23]
2013-06-05 10:35:19 Warning: Warning (512): C:\wamp\apps\Coordino\app\tmp\cache\ is not writable in [C:\wamp\apps\Coordino\cake\libs\cache\file.php, line 281]
2013-06-05 10:35:19 Warning: Warning (2): include_once(C:\wamp\apps\Coordino\app\config\database.php) [<a href='http://php.net/function.include-once'>function.include-once</a>]: failed to open stream: No such file or directory in [C:\wamp\apps\Coordino\cake\libs\model\connection_manager.php, line 23]
2013-06-05 10:35:19 Warning: Warning (2): include_once() [<a href='http://php.net/function.include'>function.include</a>]: Failed opening 'C:\wamp\apps\Coordino\app\config\database.php' for inclusion (include_path='C:\wamp\apps\Coordino;C:\wamp\apps\Coordino\app\;.;C:\php\pear') in [C:\wamp\apps\Coordino\cake\libs\model\connection_manager.php, line 23]
2013-06-05 10:50:47 Warning: Warning (512): C:\wamp\apps\Coordino\app\tmp\cache\ is not writable in [C:\wamp\apps\Coordino\cake\libs\cache\file.php, line 281]
2013-06-05 10:50:47 Warning: Warning (2): include_once(C:\wamp\apps\Coordino\app\config\database.php) [<a href='http://php.net/function.include-once'>function.include-once</a>]: failed to open stream: No such file or directory in [C:\wamp\apps\Coordino\cake\libs\model\connection_manager.php, line 23]
2013-06-05 10:50:47 Warning: Warning (2): include_once() [<a href='http://php.net/function.include'>function.include</a>]: Failed opening 'C:\wamp\apps\Coordino\app\config\database.php' for inclusion (include_path='C:\wamp\apps\Coordino;C:\wamp\apps\Coordino\app\;.;C:\php\pear') in [C:\wamp\apps\Coordino\cake\libs\model\connection_manager.php, line 23]
